0 info it worked if it ends with ok
1 verbose cli [ '/usr/local/bin/node', '/usr/local/bin/npm', 'start' ]
2 info using npm@3.10.3
3 info using node@v6.5.0
4 verbose run-script [ 'prestart', 'start', 'poststart' ]
5 info lifecycle conFusion@~prestart: conFusion@
6 silly lifecycle conFusion@~prestart: no script for prestart, continuing
7 info lifecycle conFusion@~start: conFusion@
8 verbose lifecycle conFusion@~start: unsafe-perm in lifecycle true
9 verbose lifecycle conFusion@~start: PATH: /usr/local/lib/node_modules/npm/bin/node-gyp-bin:/Users/davidgudeman/Documents/WebDev/Week03_CourseraFrontEndFrameworksAngular/conFusion/node_modules/.bin:/usr/local/bin:/usr/local/bin:/Users/davidgudeman/WebBackEndProject/appengine-java-sdk-1.9.30/bin/:/usr/local/mysql/bin:/usr/local/apache-maven/apache-maven-3.3.3/bin:/Users/davidgudeman/local/bin:/Users/davidgudeman/.rvm/gems/ruby-2.3.0/bin:/Users/davidgudeman/.rvm/gems/ruby-2.3.0@global/bin:/Users/davidgudeman/.rvm/rubies/ruby-2.3.0/bin:/usr/local/bin:/usr/bin:/bin:/usr/sbin:/sbin:/Users/davidgudeman/.rvm/bin:/Users/davidgudeman/local/bin:/Development/android-sdk/platform-tools:/Development/android-sdk/tools
10 verbose lifecycle conFusion@~start: CWD: /Users/davidgudeman/Documents/WebDev/Week03_CourseraFrontEndFrameworksAngular/conFusion
11 silly lifecycle conFusion@~start: Args: [ '-c', 'npm runlite' ]
12 silly lifecycle conFusion@~start: Returned: code: 1  signal: null
13 info lifecycle conFusion@~start: Failed to exec start script
14 verbose stack Error: conFusion@ start: `npm runlite`
14 verbose stack Exit status 1
14 verbose stack     at EventEmitter.<anonymous> (/usr/local/lib/node_modules/npm/lib/utils/lifecycle.js:242:16)
14 verbose stack     at emitTwo (events.js:106:13)
14 verbose stack     at EventEmitter.emit (events.js:191:7)
14 verbose stack     at ChildProcess.<anonymous> (/usr/local/lib/node_modules/npm/lib/utils/spawn.js:40:14)
14 verbose stack     at emitTwo (events.js:106:13)
14 verbose stack     at ChildProcess.emit (events.js:191:7)
14 verbose stack     at maybeClose (internal/child_process.js:877:16)
14 verbose stack     at Process.ChildProcess._handle.onexit (internal/child_process.js:226:5)
15 verbose pkgid conFusion@
16 verbose cwd /Users/davidgudeman/Documents/WebDev/Week03_CourseraFrontEndFrameworksAngular/conFusion
17 error Darwin 15.6.0
18 error argv "/usr/local/bin/node" "/usr/local/bin/npm" "start"
19 error node v6.5.0
20 error npm  v3.10.3
21 error code ELIFECYCLE
22 error conFusion@ start: `npm runlite`
22 error Exit status 1
23 error Failed at the conFusion@ start script 'npm runlite'.
23 error Make sure you have the latest version of node.js and npm installed.
23 error If you do, this is most likely a problem with the conFusion package,
23 error not with npm itself.
23 error Tell the author that this fails on your system:
23 error     npm runlite
23 error You can get information on how to open an issue for this project with:
23 error     npm bugs conFusion
23 error Or if that isn't available, you can get their info via:
23 error     npm owner ls conFusion
23 error There is likely additional logging output above.
24 verbose exit [ 1, true ]
